<?xml version="1.0" encoding="UTF-8"?>
<!-- Generated by org.testng.reporters.JUnitXMLReporter -->
<testsuite ignored="2" hostname="DESKTOP-NJ0BPAE" failures="0" tests="1" name="TestNGFramework1" time="9.112" errors="0" timestamp="2023-02-28T17:42:32 EST">
  <testcase classname="com.exelenter.testcases.LoginTest" name="validAdminLogin" time="2.26"/>
  <testcase classname="com.exelenter.testcases.LoginTest" name="validUserEmptyPassword" time="0.0">
    <ignored/>
  </testcase> <!-- validUserEmptyPassword -->
  <testcase classname="com.exelenter.testcases.LoginTest" name="validUserInvalidPassword" time="0.0">
    <ignored/>
  </testcase> <!-- validUserInvalidPassword -->
</testsuite> <!-- TestNGFramework1 -->
