<?xml version="1.0" encoding="UTF-8"?>
<testng-results ignored="2" total="3" passed="1" failed="0" skipped="0">
  <reporter-output>
  </reporter-output>
  <suite started-at="2023-02-27T21:35:30 EST" name="Default Suite" finished-at="2023-02-27T21:35:38 EST" duration-ms="8742">
    <groups>
      <group name="smoke">
        <method signature="LoginTest.validAdminLogin()[pri:0, instance:com.exelenter.testcases.LoginTest@45018215]" name="validAdminLogin" class="com.exelenter.testcases.LoginTest"/>
      </group> <!-- smoke -->
    </groups>
    <test started-at="2023-02-27T21:35:30 EST" name="TestNGFramework1" finished-at="2023-02-27T21:35:38 EST" duration-ms="8742">
      <class name="com.exelenter.testcases.LoginTest">
        <test-method is-config="true" signature="setUp()[pri:0, instance:com.exelenter.testcases.LoginTest@45018215]" started-at="2023-02-27T21:35:30 EST" name="setUp" finished-at="2023-02-27T21:35:34 EST" duration-ms="4513" status="PASS">
          <reporter-output>
          </reporter-output>
        </test-method> <!-- setUp -->
        <test-method signature="validAdminLogin()[pri:0, instance:com.exelenter.testcases.LoginTest@45018215]" started-at="2023-02-27T21:35:34 EST" name="validAdminLogin" finished-at="2023-02-27T21:35:36 EST" duration-ms="1903" status="PASS">
          <reporter-output>
          </reporter-output>
        </test-method> <!-- validAdminLogin -->
        <test-method is-config="true" signature="tearDown()[pri:0, instance:com.exelenter.testcases.LoginTest@45018215]" started-at="2023-02-27T21:35:36 EST" name="tearDown" finished-at="2023-02-27T21:35:38 EST" duration-ms="2248" status="PASS">
          <reporter-output>
          </reporter-output>
        </test-method> <!-- tearDown -->
      </class> <!-- com.exelenter.testcases.LoginTest -->
    </test> <!-- TestNGFramework1 -->
  </suite> <!-- Default Suite -->
</testng-results>
